<?xml version="1.0" encoding="UTF-8"?>
<!-- Generated by org.testng.reporters.JUnitReportReporter -->
<testsuite hostname="DESKTOP-ER1B2KO" failures="0" tests="1" name="testCases.TC006_WishListAddAndDelete" time="20.715" errors="1" timestamp="2025-06-20T12:35:28 IST" skipped="0">
  <testcase classname="testCases.TC006_WishListAddAndDelete" name="WishListAddAndDelete" time="20.715">
    <error message="element click intercepted: Element &lt;a href=&quot;#&quot; class=&quot;action towishlist&quot; title=&quot;Add to Wish List&quot; aria-label=&quot;Add to Wish List&quot; data-post=&quot;{&amp;quot;action&amp;quot;:&amp;quot;https:\/\/mrd.softdemonew.info\/wishlist\/index\/add\/&amp;quot;,&amp;quot;data&amp;quot;:{&amp;quot;product&amp;quot;:1145,&amp;quot;uenc&amp;quot;:&amp;quot;aHR0cHM6Ly9tcmQuc29mdGRlbW9uZXcuaW5mby9vby1zY2FsZS9yb2xsaW5nLXN0b2NrLWFjY2Vzc29yaWVzLW9vLXNjYWxlL21haW4tZnJlaWdodC1yb2xsaW5nLXN0b2NrLW9vLXNjYWxlL2ZyZWlnaHQtcm9sbGluZy1zdG9jay1vby1zY2FsZS93YWdvbi1sb2Fkcy1jb250YWluZXJzLW9vLXNjYWxlLmh0bWw~&amp;quot;}}&quot; data-action=&quot;add-to-wishlist&quot; role=&quot;button&quot;&gt;...&lt;/a&gt; is not clickable at point (852, 743). Other element would receive the click: &lt;div class=&quot;child-content cols4 active&quot;&gt;...&lt;/div&gt;
  (Session info: chrome=137.0.7151.120)
Build info: version: &#039;4.28.1&#039;, revision: &#039;73f5ad48a2&#039;
System info: os.name: &#039;Windows 10&#039;, os.arch: &#039;amd64&#039;, os.version: &#039;10.0&#039;, java.version: &#039;21.0.6&#039;
Driver info: org.openqa.selenium.chrome.ChromeDriver
Command: [b94053489475142332ea471be6310441, clickElement {id=f.DD2F62405C0B9D470A53920114B3AC97.d.FBE16BD19E988E744B0155411B2C64C9.e.334}]
Capabilities {acceptInsecureCerts: false, browserName: chrome, browserVersion: 137.0.7151.120, chrome: {chromedriverVersion: 137.0.7151.119 (e0ac9d12dff..., userDataDir: C:\Users\Admin\AppData\Loca...}, fedcm:accounts: true, goog:chromeOptions: {debuggerAddress: localhost:52803}, networkConnectionEnabled: false, pageLoadStrategy: normal, platformName: windows, proxy: Proxy(), se:cdp: ws://localhost:52803/devtoo..., se:cdpVersion: 137.0.7151.120, setWindowRect: true, strictFileInteractability: false, timeouts: {implicit: 0, pageLoad: 300000, script: 30000}, unhandledPromptBehavior: dismiss and notify, webauthn:extension:credBlob: true, webauthn:extension:largeBlob: true, webauthn:extension:minPinLength: true, webauthn:extension:prf: true, webauthn:virtualAuthenticators: true}
Element: [[ChromeDriver: chrome on windows (b94053489475142332ea471be6310441)] -&gt; css selector: a[title=&#039;Add to Wish List&#039;]]
Session ID: b94053489475142332ea471be6310441" type="org.openqa.selenium.ElementClickInterceptedException">
      <![CDATA[org.openqa.selenium.ElementClickInterceptedException: element click intercepted: Element <a href="#" class="action towishlist" title="Add to Wish List" aria-label="Add to Wish List" data-post="{&quot;action&quot;:&quot;https:\/\/mrd.softdemonew.info\/wishlist\/index\/add\/&quot;,&quot;data&quot;:{&quot;product&quot;:1145,&quot;uenc&quot;:&quot;aHR0cHM6Ly9tcmQuc29mdGRlbW9uZXcuaW5mby9vby1zY2FsZS9yb2xsaW5nLXN0b2NrLWFjY2Vzc29yaWVzLW9vLXNjYWxlL21haW4tZnJlaWdodC1yb2xsaW5nLXN0b2NrLW9vLXNjYWxlL2ZyZWlnaHQtcm9sbGluZy1zdG9jay1vby1zY2FsZS93YWdvbi1sb2Fkcy1jb250YWluZXJzLW9vLXNjYWxlLmh0bWw~&quot;}}" data-action="add-to-wishlist" role="button">...</a> is not clickable at point (852, 743). Other element would receive the click: <div class="child-content cols4 active">...</div>
  (Session info: chrome=137.0.7151.120)
Build info: version: '4.28.1', revision: '73f5ad48a2'
System info: os.name: 'Windows 10', os.arch: 'amd64', os.version: '10.0', java.version: '21.0.6'
Driver info: org.openqa.selenium.chrome.ChromeDriver
Command: [b94053489475142332ea471be6310441, clickElement {id=f.DD2F62405C0B9D470A53920114B3AC97.d.FBE16BD19E988E744B0155411B2C64C9.e.334}]
Capabilities {acceptInsecureCerts: false, browserName: chrome, browserVersion: 137.0.7151.120, chrome: {chromedriverVersion: 137.0.7151.119 (e0ac9d12dff..., userDataDir: C:\Users\Admin\AppData\Loca...}, fedcm:accounts: true, goog:chromeOptions: {debuggerAddress: localhost:52803}, networkConnectionEnabled: false, pageLoadStrategy: normal, platformName: windows, proxy: Proxy(), se:cdp: ws://localhost:52803/devtoo..., se:cdpVersion: 137.0.7151.120, setWindowRect: true, strictFileInteractability: false, timeouts: {implicit: 0, pageLoad: 300000, script: 30000}, unhandledPromptBehavior: dismiss and notify, webauthn:extension:credBlob: true, webauthn:extension:largeBlob: true, webauthn:extension:minPinLength: true, webauthn:extension:prf: true, webauthn:virtualAuthenticators: true}
Element: [[ChromeDriver: chrome on windows (b94053489475142332ea471be6310441)] -> css selector: a[title='Add to Wish List']]
Session ID: b94053489475142332ea471be6310441
at java.base/jdk.internal.reflect.DirectConstructorHandleAccessor.newInstance(DirectConstructorHandleAccessor.java:62)
at java.base/java.lang.reflect.Constructor.newInstanceWithCaller(Constructor.java:502)
at java.base/java.lang.reflect.Constructor.newInstance(Constructor.java:486)
at org.openqa.selenium.remote.ErrorCodec.decode(ErrorCodec.java:167)
at org.openqa.selenium.remote.codec.w3c.W3CHttpResponseCodec.decode(W3CHttpResponseCodec.java:138)
at org.openqa.selenium.remote.codec.w3c.W3CHttpResponseCodec.decode(W3CHttpResponseCodec.java:50)
at org.openqa.selenium.remote.HttpCommandExecutor.execute(HttpCommandExecutor.java:215)
at org.openqa.selenium.remote.service.DriverCommandExecutor.invokeExecute(DriverCommandExecutor.java:216)
at org.openqa.selenium.remote.service.DriverCommandExecutor.execute(DriverCommandExecutor.java:174)
at org.openqa.selenium.remote.RemoteWebDriver.execute(RemoteWebDriver.java:545)
at org.openqa.selenium.remote.RemoteWebElement.execute(RemoteWebElement.java:223)
at org.openqa.selenium.remote.RemoteWebElement.click(RemoteWebElement.java:76)
at pageObjects.ProductListingPage.clickOnWishListBtn(ProductListingPage.java:100)
at testCases.TC006_WishListAddAndDelete.WishListAddAndDelete(TC006_WishListAddAndDelete.java:39)
at java.base/jdk.internal.reflect.DirectMethodHandleAccessor.invoke(DirectMethodHandleAccessor.java:103)
at java.base/java.lang.reflect.Method.invoke(Method.java:580)
at org.testng.internal.MethodInvocationHelper.invokeMethod(MethodInvocationHelper.java:133)
at org.testng.internal.TestInvoker.invokeMethod(TestInvoker.java:598)
at org.testng.internal.TestInvoker.invokeTestMethod(TestInvoker.java:173)
at org.testng.internal.MethodRunner.runInSequence(MethodRunner.java:46)
at org.testng.internal.TestInvoker$MethodInvocationAgent.invoke(TestInvoker.java:824)
at org.testng.internal.TestInvoker.invokeTestMethods(TestInvoker.java:146)
at org.testng.internal.TestMethodWorker.invokeTestMethods(TestMethodWorker.java:146)
at org.testng.internal.TestMethodWorker.run(TestMethodWorker.java:128)
at java.base/java.util.ArrayList.forEach(ArrayList.java:1596)
at org.testng.TestRunner.privateRun(TestRunner.java:794)
at org.testng.TestRunner.run(TestRunner.java:596)
at org.testng.SuiteRunner.runTest(SuiteRunner.java:377)
at org.testng.SuiteRunner.runSequentially(SuiteRunner.java:371)
at org.testng.SuiteRunner.privateRun(SuiteRunner.java:332)
at org.testng.SuiteRunner.run(SuiteRunner.java:276)
at org.testng.SuiteRunnerWorker.runSuite(SuiteRunnerWorker.java:53)
at org.testng.SuiteRunnerWorker.run(SuiteRunnerWorker.java:96)
at org.testng.TestNG.runSuitesSequentially(TestNG.java:1212)
at org.testng.TestNG.runSuitesLocally(TestNG.java:1134)
at org.testng.TestNG.runSuites(TestNG.java:1063)
at org.testng.TestNG.run(TestNG.java:1031)
at org.testng.remote.AbstractRemoteTestNG.run(AbstractRemoteTestNG.java:115)
at org.testng.remote.RemoteTestNG.initAndRun(RemoteTestNG.java:293)
at org.testng.remote.RemoteTestNG.main(RemoteTestNG.java:91)
]]>
    </error>
  </testcase> <!-- WishListAddAndDelete -->
  <system-out/>
</testsuite> <!-- testCases.TC006_WishListAddAndDelete -->
