<?xml version="1.0" encoding="UTF-8"?>
<!-- Generated by org.testng.reporters.JUnitReportReporter -->
<testsuite hostname="DESKTOP-ER1B2KO" failures="0" tests="1" name="testCases.TC012_WishListAndCompareBtn_onProduct" time="25.618" errors="1" timestamp="2025-06-20T16:54:48 IST" skipped="0">
  <testcase classname="testCases.TC012_WishListAndCompareBtn_onProduct" name="buttonOnproductPage" time="25.618">
    <error message="element click intercepted: Element &lt;a href=&quot;#&quot; class=&quot;action towishlist&quot; data-post=&quot;{&amp;quot;action&amp;quot;:&amp;quot;https:\/\/mrd.softdemonew.info\/wishlist\/index\/add\/&amp;quot;,&amp;quot;data&amp;quot;:{&amp;quot;product&amp;quot;:1145,&amp;quot;uenc&amp;quot;:&amp;quot;aHR0cHM6Ly9tcmQuc29mdGRlbW9uZXcuaW5mby9iYWNobWFubi1icmFuY2hsaW5lLTM2LTAwNGEtYmQtbGFyZ2UtY29udGFpbmVycy1ici1iYXV4aXRlLWFuZC1ici1jcmltc29uLmh0bWw~&amp;quot;}}&quot; data-action=&quot;add-to-wishlist&quot;&gt;...&lt;/a&gt; is not clickable at point (1446, 320). Other element would receive the click: &lt;li class=&quot;mega has-child dynamic-width tab-head&quot; id=&quot;menu5470&quot;&gt;...&lt;/li&gt;
  (Session info: chrome=137.0.7151.120)
Build info: version: &#039;4.28.1&#039;, revision: &#039;73f5ad48a2&#039;
System info: os.name: &#039;Windows 10&#039;, os.arch: &#039;amd64&#039;, os.version: &#039;10.0&#039;, java.version: &#039;21.0.6&#039;
Driver info: org.openqa.selenium.chrome.ChromeDriver
Command: [c12ae31e47d99be3716a0869a43cbe7f, clickElement {id=f.1E840216DB6092FEDD9829FB09639B7F.d.4FA6F55F19F33E20E594521DEF841638.e.514}]
Capabilities {acceptInsecureCerts: false, browserName: chrome, browserVersion: 137.0.7151.120, chrome: {chromedriverVersion: 137.0.7151.119 (e0ac9d12dff..., userDataDir: C:\Users\Admin\AppData\Loca...}, fedcm:accounts: true, goog:chromeOptions: {debuggerAddress: localhost:55183}, networkConnectionEnabled: false, pageLoadStrategy: normal, platformName: windows, proxy: Proxy(), se:cdp: ws://localhost:55183/devtoo..., se:cdpVersion: 137.0.7151.120, setWindowRect: true, strictFileInteractability: false, timeouts: {implicit: 0, pageLoad: 300000, script: 30000}, unhandledPromptBehavior: dismiss and notify, webauthn:extension:credBlob: true, webauthn:extension:largeBlob: true, webauthn:extension:minPinLength: true, webauthn:extension:prf: true, webauthn:virtualAuthenticators: true}
Element: [[ChromeDriver: chrome on windows (c12ae31e47d99be3716a0869a43cbe7f)] -&gt; xpath: //div[@class=&#039;product-addto-links&#039;]//a[1]]
Session ID: c12ae31e47d99be3716a0869a43cbe7f" type="org.openqa.selenium.ElementClickInterceptedException">
      <![CDATA[org.openqa.selenium.ElementClickInterceptedException: element click intercepted: Element <a href="#" class="action towishlist" data-post="{&quot;action&quot;:&quot;https:\/\/mrd.softdemonew.info\/wishlist\/index\/add\/&quot;,&quot;data&quot;:{&quot;product&quot;:1145,&quot;uenc&quot;:&quot;aHR0cHM6Ly9tcmQuc29mdGRlbW9uZXcuaW5mby9iYWNobWFubi1icmFuY2hsaW5lLTM2LTAwNGEtYmQtbGFyZ2UtY29udGFpbmVycy1ici1iYXV4aXRlLWFuZC1ici1jcmltc29uLmh0bWw~&quot;}}" data-action="add-to-wishlist">...</a> is not clickable at point (1446, 320). Other element would receive the click: <li class="mega has-child dynamic-width tab-head" id="menu5470">...</li>
  (Session info: chrome=137.0.7151.120)
Build info: version: '4.28.1', revision: '73f5ad48a2'
System info: os.name: 'Windows 10', os.arch: 'amd64', os.version: '10.0', java.version: '21.0.6'
Driver info: org.openqa.selenium.chrome.ChromeDriver
Command: [c12ae31e47d99be3716a0869a43cbe7f, clickElement {id=f.1E840216DB6092FEDD9829FB09639B7F.d.4FA6F55F19F33E20E594521DEF841638.e.514}]
Capabilities {acceptInsecureCerts: false, browserName: chrome, browserVersion: 137.0.7151.120, chrome: {chromedriverVersion: 137.0.7151.119 (e0ac9d12dff..., userDataDir: C:\Users\Admin\AppData\Loca...}, fedcm:accounts: true, goog:chromeOptions: {debuggerAddress: localhost:55183}, networkConnectionEnabled: false, pageLoadStrategy: normal, platformName: windows, proxy: Proxy(), se:cdp: ws://localhost:55183/devtoo..., se:cdpVersion: 137.0.7151.120, setWindowRect: true, strictFileInteractability: false, timeouts: {implicit: 0, pageLoad: 300000, script: 30000}, unhandledPromptBehavior: dismiss and notify, webauthn:extension:credBlob: true, webauthn:extension:largeBlob: true, webauthn:extension:minPinLength: true, webauthn:extension:prf: true, webauthn:virtualAuthenticators: true}
Element: [[ChromeDriver: chrome on windows (c12ae31e47d99be3716a0869a43cbe7f)] -> xpath: //div[@class='product-addto-links']//a[1]]
Session ID: c12ae31e47d99be3716a0869a43cbe7f
at java.base/jdk.internal.reflect.DirectConstructorHandleAccessor.newInstance(DirectConstructorHandleAccessor.java:62)
at java.base/java.lang.reflect.Constructor.newInstanceWithCaller(Constructor.java:502)
at java.base/java.lang.reflect.Constructor.newInstance(Constructor.java:486)
at org.openqa.selenium.remote.ErrorCodec.decode(ErrorCodec.java:167)
at org.openqa.selenium.remote.codec.w3c.W3CHttpResponseCodec.decode(W3CHttpResponseCodec.java:138)
at org.openqa.selenium.remote.codec.w3c.W3CHttpResponseCodec.decode(W3CHttpResponseCodec.java:50)
at org.openqa.selenium.remote.HttpCommandExecutor.execute(HttpCommandExecutor.java:215)
at org.openqa.selenium.remote.service.DriverCommandExecutor.invokeExecute(DriverCommandExecutor.java:216)
at org.openqa.selenium.remote.service.DriverCommandExecutor.execute(DriverCommandExecutor.java:174)
at org.openqa.selenium.remote.RemoteWebDriver.execute(RemoteWebDriver.java:545)
at org.openqa.selenium.remote.RemoteWebElement.execute(RemoteWebElement.java:223)
at org.openqa.selenium.remote.RemoteWebElement.click(RemoteWebElement.java:76)
at java.base/jdk.internal.reflect.DirectMethodHandleAccessor.invoke(DirectMethodHandleAccessor.java:103)
at java.base/java.lang.reflect.Method.invoke(Method.java:580)
at org.openqa.selenium.support.pagefactory.internal.LocatingElementHandler.invoke(LocatingElementHandler.java:51)
at jdk.proxy2/jdk.proxy2.$Proxy15.click(Unknown Source)
at pageObjects.ProductDetailPage.clickOnCompareBtn(ProductDetailPage.java:49)
at testCases.TC012_WishListAndCompareBtn_onProduct.buttonOnproductPage(TC012_WishListAndCompareBtn_onProduct.java:45)
at java.base/jdk.internal.reflect.DirectMethodHandleAccessor.invoke(DirectMethodHandleAccessor.java:103)
at java.base/java.lang.reflect.Method.invoke(Method.java:580)
at org.testng.internal.MethodInvocationHelper.invokeMethod(MethodInvocationHelper.java:133)
at org.testng.internal.TestInvoker.invokeMethod(TestInvoker.java:598)
at org.testng.internal.TestInvoker.invokeTestMethod(TestInvoker.java:173)
at org.testng.internal.MethodRunner.runInSequence(MethodRunner.java:46)
at org.testng.internal.TestInvoker$MethodInvocationAgent.invoke(TestInvoker.java:824)
at org.testng.internal.TestInvoker.invokeTestMethods(TestInvoker.java:146)
at org.testng.internal.TestMethodWorker.invokeTestMethods(TestMethodWorker.java:146)
at org.testng.internal.TestMethodWorker.run(TestMethodWorker.java:128)
at java.base/java.util.ArrayList.forEach(ArrayList.java:1596)
at org.testng.TestRunner.privateRun(TestRunner.java:794)
at org.testng.TestRunner.run(TestRunner.java:596)
at org.testng.SuiteRunner.runTest(SuiteRunner.java:377)
at org.testng.SuiteRunner.runSequentially(SuiteRunner.java:371)
at org.testng.SuiteRunner.privateRun(SuiteRunner.java:332)
at org.testng.SuiteRunner.run(SuiteRunner.java:276)
at org.testng.SuiteRunnerWorker.runSuite(SuiteRunnerWorker.java:53)
at org.testng.SuiteRunnerWorker.run(SuiteRunnerWorker.java:96)
at org.testng.TestNG.runSuitesSequentially(TestNG.java:1212)
at org.testng.TestNG.runSuitesLocally(TestNG.java:1134)
at org.testng.TestNG.runSuites(TestNG.java:1063)
at org.testng.TestNG.run(TestNG.java:1031)
at org.testng.remote.AbstractRemoteTestNG.run(AbstractRemoteTestNG.java:115)
at org.testng.remote.RemoteTestNG.initAndRun(RemoteTestNG.java:293)
at org.testng.remote.RemoteTestNG.main(RemoteTestNG.java:91)
]]>
    </error>
  </testcase> <!-- buttonOnproductPage -->
  <system-out/>
</testsuite> <!-- testCases.TC012_WishListAndCompareBtn_onProduct -->
